2024-02-28 00:07:29,718 - KommatiPara - INFO - Column id has been renamed to client_identifier
2024-02-28 00:07:29,725 - KommatiPara - INFO - Column btc_a has been renamed to bitcoin_address
2024-02-28 00:07:29,732 - KommatiPara - INFO - Column cc_t has been renamed to credit_card_type
2024-02-28 16:25:40,712 - KommatiPara - INFO - Column name has been renamed to full_name
2024-02-28 16:25:40,721 - KommatiPara - INFO - Column age has been renamed to years
2024-02-28 16:34:48,972 - KommatiPara - INFO - Column id has been renamed to client_identifier
2024-02-28 16:34:48,978 - KommatiPara - INFO - Column btc_a has been renamed to bitcoin_address
2024-02-28 16:34:48,986 - KommatiPara - INFO - Column cc_t has been renamed to credit_card_type
2024-02-28 16:42:24,375 - KommatiPara - INFO - Column id has been renamed to client_identifier
2024-02-28 16:42:24,381 - KommatiPara - INFO - Column btc_a has been renamed to bitcoin_address
2024-02-28 16:42:24,387 - KommatiPara - INFO - Column cc_t has been renamed to credit_card_type
2024-02-28 17:11:36,366 - KommatiPara - INFO - Column id has been renamed to client_identifier
2024-02-28 17:11:36,372 - KommatiPara - INFO - Column btc_a has been renamed to bitcoin_address
2024-02-28 17:11:36,378 - KommatiPara - INFO - Column cc_t has been renamed to credit_card_type
2024-02-28 17:19:29,950 - KommatiPara - INFO - Filtered dataframe by countries: [['United Kingdom', 'Netherlands']]
2024-02-28 17:19:29,979 - KommatiPara - INFO - Column id has been renamed to client_identifier
2024-02-28 17:19:29,986 - KommatiPara - INFO - Column btc_a has been renamed to bitcoin_address
2024-02-28 17:19:29,993 - KommatiPara - INFO - Column cc_t has been renamed to credit_card_type
2024-02-28 17:27:25,004 - KommatiPara - INFO - Dropped columns [['first_name', 'last_name']]
2024-02-28 17:27:25,028 - KommatiPara - INFO - Filtered dataframe by countries: [['United Kingdom', 'Netherlands']]
2024-02-28 17:27:25,032 - KommatiPara - INFO - Dropped columns [['cc_n']]
2024-02-28 17:27:25,054 - KommatiPara - INFO - Column id has been renamed to client_identifier
2024-02-28 17:27:25,060 - KommatiPara - INFO - Column btc_a has been renamed to bitcoin_address
2024-02-28 17:27:25,066 - KommatiPara - INFO - Column cc_t has been renamed to credit_card_type
2024-02-28 17:31:00,291 - KommatiPara - INFO - Dropped columns [['first_name', 'last_name']]
2024-02-28 17:31:00,303 - KommatiPara - ERROR - Error when filtering dataframe by countries: name 'ajsghdasjd' is not defined
2024-02-28 17:31:00,308 - KommatiPara - INFO - Dropped columns [['cc_n']]
2024-02-28 17:32:02,701 - KommatiPara - INFO - Dropped columns [['first_name', 'last_name']]
2024-02-28 17:32:02,725 - KommatiPara - INFO - Filtered dataframe by countries: [['United Kingdom', 'Netherlands']]
2024-02-28 17:32:02,730 - KommatiPara - INFO - Dropped columns [['cc_n']]
2024-02-28 17:32:02,754 - KommatiPara - INFO - Column id has been renamed to client_identifier
2024-02-28 17:32:02,759 - KommatiPara - INFO - Column btc_a has been renamed to bitcoin_address
2024-02-28 17:32:02,767 - KommatiPara - INFO - Column cc_t has been renamed to credit_card_type
2024-02-28 17:33:27,321 - KommatiPara - INFO - Dropped columns [['first_name', 'last_name']]
2024-02-28 17:33:27,357 - KommatiPara - INFO - Filtered dataframe by countries: [['United Kingdom', 'Netherlands']]
2024-02-28 17:33:27,363 - KommatiPara - INFO - Dropped columns [['cc_n']]
2024-02-28 17:33:27,391 - KommatiPara - INFO - Column id has been renamed to client_identifier
2024-02-28 17:33:27,399 - KommatiPara - INFO - Column btc_a has been renamed to bitcoin_address
2024-02-28 17:33:27,406 - KommatiPara - INFO - Column cc_t has been renamed to credit_card_type
2024-02-28 19:41:04,362 - KommatiPara - INFO - Dropped columns [['age', 'state']]
2024-02-28 19:41:05,924 - KommatiPara - INFO - Filtered dataframe by countries: [['United Kingdom', 'Netherlands']]
2024-02-28 19:41:06,445 - KommatiPara - INFO - Column name has been renamed to full_name
2024-02-28 19:41:06,451 - KommatiPara - INFO - Column age has been renamed to years
2024-02-28 19:50:13,489 - KommatiPara - INFO - Dropped columns [['age', 'state']]
2024-02-28 19:50:14,996 - KommatiPara - INFO - Filtered dataframe by countries: [['United Kingdom', 'Netherlands']]
2024-02-28 19:50:15,478 - KommatiPara - INFO - Column name has been renamed to full_name
2024-02-28 19:50:15,484 - KommatiPara - INFO - Column age has been renamed to years
2024-02-28 20:00:39,934 - KommatiPara - INFO - Dropped columns [['age', 'state']]
2024-02-28 20:00:41,274 - KommatiPara - INFO - Filtered dataframe by countries: [['United Kingdom', 'Netherlands']]
2024-02-28 20:00:41,760 - KommatiPara - INFO - Column name has been renamed to full_name
2024-02-28 20:00:41,766 - KommatiPara - INFO - Column age has been renamed to years
2024-02-28 20:05:47,624 - KommatiPara - INFO - Dropped columns [['age', 'state']]
2024-02-28 20:05:49,003 - KommatiPara - INFO - Filtered dataframe by countries: [['United Kingdom', 'Netherlands']]
2024-02-28 20:05:49,485 - KommatiPara - INFO - Column name has been renamed to full_name
2024-02-28 20:05:49,491 - KommatiPara - INFO - Column age has been renamed to years
2024-02-28 20:17:23,942 - KommatiPara - INFO - Dropped columns [['age', 'state']]
2024-02-28 20:17:25,462 - KommatiPara - INFO - Filtered dataframe by countries: [['United Kingdom', 'Netherlands']]
2024-02-28 20:17:25,973 - KommatiPara - INFO - Column name has been renamed to full_name
2024-02-28 20:17:25,980 - KommatiPara - INFO - Column age has been renamed to years
2024-02-28 20:27:19,268 - KommatiPara - INFO - Dropped columns [['first_name', 'last_name']]
2024-02-28 20:27:19,293 - KommatiPara - INFO - Filtered dataframe by countries: [['[United Kingdom,', 'Netherlands]']]
2024-02-28 20:27:19,299 - KommatiPara - INFO - Dropped columns [['cc_n']]
2024-02-28 20:27:19,321 - KommatiPara - INFO - Column id has been renamed to client_identifier
2024-02-28 20:27:19,327 - KommatiPara - INFO - Column btc_a has been renamed to bitcoin_address
2024-02-28 20:27:19,333 - KommatiPara - INFO - Column cc_t has been renamed to credit_card_type
2024-02-28 20:30:16,125 - KommatiPara - INFO - Dropped columns [['first_name', 'last_name']]
2024-02-28 20:30:16,149 - KommatiPara - INFO - Filtered dataframe by countries: [['[United Kingdom,', 'Netherlands]']]
2024-02-28 20:30:16,154 - KommatiPara - INFO - Dropped columns [['cc_n']]
2024-02-28 20:30:16,175 - KommatiPara - INFO - Column id has been renamed to client_identifier
2024-02-28 20:30:16,182 - KommatiPara - INFO - Column btc_a has been renamed to bitcoin_address
2024-02-28 20:30:16,188 - KommatiPara - INFO - Column cc_t has been renamed to credit_card_type
2024-02-28 20:31:25,536 - KommatiPara - INFO - Dropped columns [['first_name', 'last_name']]
2024-02-28 20:31:25,558 - KommatiPara - INFO - Filtered dataframe by countries: [['[United Kingdom,', 'Netherlands]']]
2024-02-28 20:31:25,562 - KommatiPara - INFO - Dropped columns [['cc_n']]
2024-02-28 20:31:25,584 - KommatiPara - INFO - Column id has been renamed to client_identifier
2024-02-28 20:31:25,590 - KommatiPara - INFO - Column btc_a has been renamed to bitcoin_address
2024-02-28 20:31:25,597 - KommatiPara - INFO - Column cc_t has been renamed to credit_card_type
2024-02-28 20:56:32,645 - KommatiPara - INFO - Dropped columns [['age', 'state']]
2024-02-28 20:56:34,116 - KommatiPara - INFO - Filtered dataframe by countries: [['United Kingdom', 'Netherlands']]
2024-02-28 20:56:34,648 - KommatiPara - INFO - Column name has been renamed to full_name
2024-02-28 20:56:34,655 - KommatiPara - INFO - Column age has been renamed to years
2024-02-28 20:57:40,651 - KommatiPara - INFO - Dropped columns [['first_name', 'last_name']]
2024-02-28 20:57:40,674 - KommatiPara - INFO - Filtered dataframe by countries: [['[United Kingdom,', 'Netherlands]']]
2024-02-28 20:57:40,679 - KommatiPara - INFO - Dropped columns [['cc_n']]
2024-02-28 20:57:40,701 - KommatiPara - INFO - Column id has been renamed to client_identifier
2024-02-28 20:57:40,708 - KommatiPara - INFO - Column btc_a has been renamed to bitcoin_address
2024-02-28 20:57:40,714 - KommatiPara - INFO - Column cc_t has been renamed to credit_card_type
2024-02-28 21:04:39,194 - KommatiPara - INFO - Dropped columns [['age', 'state']]
2024-02-28 21:04:40,604 - KommatiPara - INFO - Filtered dataframe by countries: [['United Kingdom', 'Netherlands']]
2024-02-28 21:04:41,111 - KommatiPara - INFO - Column name has been renamed to full_name
2024-02-28 21:04:41,116 - KommatiPara - INFO - Column age has been renamed to years
2024-02-28 21:04:48,235 - KommatiPara - INFO - Dropped columns [['first_name', 'last_name']]
2024-02-28 21:04:48,259 - KommatiPara - INFO - Filtered dataframe by countries: [['[United Kingdom,', 'Netherlands]']]
2024-02-28 21:04:48,264 - KommatiPara - INFO - Dropped columns [['cc_n']]
2024-02-28 21:04:48,285 - KommatiPara - INFO - Column id has been renamed to client_identifier
2024-02-28 21:04:48,291 - KommatiPara - INFO - Column btc_a has been renamed to bitcoin_address
2024-02-28 21:04:48,297 - KommatiPara - INFO - Column cc_t has been renamed to credit_card_type
2024-02-28 21:47:24,363 - KommatiPara - INFO - Dropped columns [['first_name', 'last_name']]
2024-02-28 21:47:24,388 - KommatiPara - INFO - Filtered dataframe by countries: [['[United Kingdom,', 'Netherlands]']]
2024-02-28 21:47:24,392 - KommatiPara - INFO - Dropped columns [['cc_n']]
2024-02-28 21:47:24,414 - KommatiPara - INFO - Column id has been renamed to client_identifier
2024-02-28 21:47:24,420 - KommatiPara - INFO - Column btc_a has been renamed to bitcoin_address
2024-02-28 21:47:24,426 - KommatiPara - INFO - Column cc_t has been renamed to credit_card_type
2024-02-28 21:49:30,780 - KommatiPara - INFO - Dropped columns [['first_name', 'last_name']]
2024-02-28 21:49:30,805 - KommatiPara - INFO - Filtered dataframe by countries: [['United Kingdom', 'Netherlands']]
2024-02-28 21:49:30,809 - KommatiPara - INFO - Dropped columns [['cc_n']]
2024-02-28 21:49:30,831 - KommatiPara - INFO - Column id has been renamed to client_identifier
2024-02-28 21:49:30,838 - KommatiPara - INFO - Column btc_a has been renamed to bitcoin_address
2024-02-28 21:49:30,844 - KommatiPara - INFO - Column cc_t has been renamed to credit_card_type
